<?xml version="1.0" encoding="UTF-8"?>
<!-- Generated by org.testng.reporters.JUnitReportReporter -->
<testsuite hostname="DESKTOP-7608SMV" failures="0" tests="1" name="Basicautomation.TestNG" time="0.024" errors="0" timestamp="2024-05-15T20:58:39 IST" skipped="0">
  <testcase classname="Basicautomation.TestNG" name="test" time="0.024"/>
</testsuite> <!-- Basicautomation.TestNG -->
